<?xml version="1.0" encoding="UTF-8"?>
<!-- Generated by org.testng.reporters.JUnitXMLReporter -->
<testsuite ignored="4" hostname="LAPTOP-0P5UETK4" failures="1" tests="4" name="Test" time="11.477" errors="0" timestamp="2022-02-10T20:16:19 EST">
  <testcase classname="projectTestCases.TC001Login" name="enter_user_details" time="2.121"/>
  <testcase classname="projectTestCases.TC003Add_to_Cart$Login" name="Add_to_Cart_page" time="0.79"/>
  <testcase classname="projectTestCases.TC002Registration" name="Registration_page1" time="2.576"/>
  <testcase classname="projectTestCases.TC004PurchaseGiftCertificate" name="Gift_Certificate" time="1.876">
    <failure type="java.lang.AssertionError" message="expected [true] but found [false]">
      <![CDATA[java.lang.AssertionError: expected [true] but found [false]
at projectTestCases.TC004PurchaseGiftCertificate.Gift_Certificate(TC004PurchaseGiftCertificate.java:19)
at java.base/java.util.ArrayList.forEach(ArrayList.java:1511)
... Removed 31 stack frames]]>
    </failure>
  </testcase> <!-- Gift_Certificate -->
  <testcase classname="base.BaseClass" name="@AfterSuite closer" time="0.0">
    <ignored/>
  </testcase> <!-- @AfterSuite closer -->
  <testcase classname="base.BaseClass" name="@AfterSuite closer" time="0.0">
    <ignored/>
  </testcase> <!-- @AfterSuite closer -->
  <testcase classname="base.BaseClass" name="@BeforeSuite beforeMethod" time="0.0">
    <ignored/>
  </testcase> <!-- @BeforeSuite beforeMethod -->
  <testcase classname="base.BaseClass" name="@BeforeSuite beforeMethod" time="0.0">
    <ignored/>
  </testcase> <!-- @BeforeSuite beforeMethod -->
</testsuite> <!-- Test -->
